0 info it worked if it ends with ok
1 verbose cli [ '/home/fdittz/.nvm/versions/node/v6.1.0/bin/node',
1 verbose cli   '/home/fdittz/.nvm/versions/node/v6.1.0/bin/npm',
1 verbose cli   'run',
1 verbose cli   'dev' ]
2 info using npm@3.8.6
3 info using node@v6.1.0
4 verbose run-script [ 'predev', 'dev', 'postdev' ]
5 info lifecycle support-admin-app@2.3.0~predev: support-admin-app@2.3.0
6 silly lifecycle support-admin-app@2.3.0~predev: no script for predev, continuing
7 info lifecycle support-admin-app@2.3.0~dev: support-admin-app@2.3.0
8 verbose lifecycle support-admin-app@2.3.0~dev: unsafe-perm in lifecycle true
9 verbose lifecycle support-admin-app@2.3.0~dev: PATH: /home/fdittz/.nvm/versions/node/v6.1.0/lib/node_modules/npm/bin/node-gyp-bin:/home/fdittz/Self/topcoder/admin-app/node_modules/.bin:/home/fdittz/.nvm/versions/node/v6.1.0/bin:/home/fdittz/.sdkman/candidates/groovy/current/bin:/home/fdittz/.sdkman/candidates/grails/current/bin:/home/fdittz/.nvm/versions/node/v6.1.0/bin:/usr/local/sbin:/usr/local/bin:/usr/sbin:/usr/bin:/sbin:/bin:/usr/games:/usr/local/games
10 verbose lifecycle support-admin-app@2.3.0~dev: CWD: /home/fdittz/Self/topcoder/admin-app
11 silly lifecycle support-admin-app@2.3.0~dev: Args: [ '-c', 'gulp serve' ]
12 silly lifecycle support-admin-app@2.3.0~dev: Returned: code: 1  signal: null
13 info lifecycle support-admin-app@2.3.0~dev: Failed to exec dev script
14 verbose stack Error: support-admin-app@2.3.0 dev: `gulp serve`
14 verbose stack Exit status 1
14 verbose stack     at EventEmitter.<anonymous> (/home/fdittz/.nvm/versions/node/v6.1.0/lib/node_modules/npm/lib/utils/lifecycle.js:239:16)
14 verbose stack     at emitTwo (events.js:106:13)
14 verbose stack     at EventEmitter.emit (events.js:191:7)
14 verbose stack     at ChildProcess.<anonymous> (/home/fdittz/.nvm/versions/node/v6.1.0/lib/node_modules/npm/lib/utils/spawn.js:24:14)
14 verbose stack     at emitTwo (events.js:106:13)
14 verbose stack     at ChildProcess.emit (events.js:191:7)
14 verbose stack     at maybeClose (internal/child_process.js:850:16)
14 verbose stack     at Process.ChildProcess._handle.onexit (internal/child_process.js:215:5)
15 verbose pkgid support-admin-app@2.3.0
16 verbose cwd /home/fdittz/Self/topcoder/admin-app
17 error Linux 5.4.0-26-generic
18 error argv "/home/fdittz/.nvm/versions/node/v6.1.0/bin/node" "/home/fdittz/.nvm/versions/node/v6.1.0/bin/npm" "run" "dev"
19 error node v6.1.0
20 error npm  v3.8.6
21 error code ELIFECYCLE
22 error support-admin-app@2.3.0 dev: `gulp serve`
22 error Exit status 1
23 error Failed at the support-admin-app@2.3.0 dev script 'gulp serve'.
23 error Make sure you have the latest version of node.js and npm installed.
23 error If you do, this is most likely a problem with the support-admin-app package,
23 error not with npm itself.
23 error Tell the author that this fails on your system:
23 error     gulp serve
23 error You can get information on how to open an issue for this project with:
23 error     npm bugs support-admin-app
23 error Or if that isn't available, you can get their info via:
23 error     npm owner ls support-admin-app
23 error There is likely additional logging output above.
24 verbose exit [ 1, true ]
